1695500369302	geckodriver	INFO	Listening on 127.0.0.1:58838
1695500372285	mozrunner::runner	INFO	Running command: "C:\\Program Files\\Mozilla Firefox\\firefox.exe" "--marionette" "-private" "-headless" "--remote-debugging- ... 9" "--remote-allow-hosts" "localhost" "-no-remote" "-profile" "C:\\Users\\natha\\AppData\\Local\\Temp\\rust_mozprofile6YZk91"
*** You are running in headless mode.
console.warn: services.settings: Ignoring preference override of remote settings server
console.warn: services.settings: Allow by setting MOZ_REMOTE_SETTINGS_DEVTOOLS=1 in the environment
1695500372905	Marionette	INFO	Marionette enabled
Dynamically enable window occlusion 0
1695500373007	Marionette	INFO	Listening on port 58890
WebDriver BiDi listening on ws://127.0.0.1:58839
Read port: 58890
1695500373266	RemoteAgent	WARN	TLS certificate errors will be ignored for this session
[GFX1-]: RenderCompositorSWGL failed mapping default framebuffer, no dt
console.error: ({})
DevTools listening on ws://127.0.0.1:58839/devtools/browser/25d78939-7882-4292-acab-2e96ef917f8e
console.warn: LoginRecipes: "Falling back to a synchronous message for: https://cas-p.wigorservices.net."
console.warn: LoginRecipes: "Falling back to a synchronous message for: https://cas-p.wigorservices.net."
1695500376726	Marionette	INFO	Stopped listening on port 58890
Dynamically enable window occlusion 1
1695500396491	geckodriver	INFO	Listening on 127.0.0.1:58971
1695500399497	mozrunner::runner	INFO	Running command: "C:\\Program Files\\Mozilla Firefox\\firefox.exe" "--marionette" "-private" "-headless" "--remote-debugging- ... 2" "--remote-allow-hosts" "localhost" "-no-remote" "-profile" "C:\\Users\\natha\\AppData\\Local\\Temp\\rust_mozprofileyF7PsZ"
*** You are running in headless mode.
console.warn: services.settings: Ignoring preference override of remote settings server
console.warn: services.settings: Allow by setting MOZ_REMOTE_SETTINGS_DEVTOOLS=1 in the environment
1695500400160	Marionette	INFO	Marionette enabled
Dynamically enable window occlusion 0
1695500400263	Marionette	INFO	Listening on port 58989
WebDriver BiDi listening on ws://127.0.0.1:58972
Read port: 58989
1695500400359	RemoteAgent	WARN	TLS certificate errors will be ignored for this session
[GFX1-]: RenderCompositorSWGL failed mapping default framebuffer, no dt
console.error: ({})
DevTools listening on ws://127.0.0.1:58972/devtools/browser/eaefd9e8-91da-4958-ba0a-21ce86592737
console.warn: LoginRecipes: "Falling back to a synchronous message for: https://cas-p.wigorservices.net."
console.warn: LoginRecipes: "Falling back to a synchronous message for: https://cas-p.wigorservices.net."
1695500405226	Marionette	INFO	Stopped listening on port 58989
Dynamically enable window occlusion 1
1695500410159	geckodriver	INFO	Listening on 127.0.0.1:59061
1695500421254	mozrunner::runner	INFO	Running command: "C:\\Program Files\\Mozilla Firefox\\firefox.exe" "--marionette" "-private" "-headless" "--remote-debugging- ... 2" "--remote-allow-hosts" "localhost" "-no-remote" "-profile" "C:\\Users\\natha\\AppData\\Local\\Temp\\rust_mozprofilete5SH9"
*** You are running in headless mode.
console.warn: services.settings: Ignoring preference override of remote settings server
console.warn: services.settings: Allow by setting MOZ_REMOTE_SETTINGS_DEVTOOLS=1 in the environment
1695500421894	Marionette	INFO	Marionette enabled
Dynamically enable window occlusion 0
1695500421981	Marionette	INFO	Listening on port 59158
WebDriver BiDi listening on ws://127.0.0.1:59062
Read port: 59158
1695500422240	RemoteAgent	WARN	TLS certificate errors will be ignored for this session
[GFX1-]: RenderCompositorSWGL failed mapping default framebuffer, no dt
console.error: ({})
DevTools listening on ws://127.0.0.1:59062/devtools/browser/19e84e18-c67b-444a-bd75-b1eb73fcfc76
console.warn: LoginRecipes: "Falling back to a synchronous message for: https://cas-p.wigorservices.net."
console.warn: LoginRecipes: "Falling back to a synchronous message for: https://cas-p.wigorservices.net."
JavaScript warning: https://ws-edt-igs.wigorservices.net/WebPsDyn.aspx?action=posEDTLMS&serverID=G&date=09%2F23%2F2023, line 560: unreachable code after return statement
1695500426029	Marionette	INFO	Stopped listening on port 59158
Dynamically enable window occlusion 1
1695500684731	geckodriver	INFO	Listening on 127.0.0.1:59434
1695500687745	mozrunner::runner	INFO	Running command: "C:\\Program Files\\Mozilla Firefox\\firefox.exe" "--marionette" "-private" "-headless" "--remote-debugging- ... 5" "--remote-allow-hosts" "localhost" "-no-remote" "-profile" "C:\\Users\\natha\\AppData\\Local\\Temp\\rust_mozprofileOMOZry"
*** You are running in headless mode.
console.warn: services.settings: Ignoring preference override of remote settings server
console.warn: services.settings: Allow by setting MOZ_REMOTE_SETTINGS_DEVTOOLS=1 in the environment
1695500688305	Marionette	INFO	Marionette enabled
Dynamically enable window occlusion 0
1695500688399	Marionette	INFO	Listening on port 59470
WebDriver BiDi listening on ws://127.0.0.1:59435
Read port: 59470
1695500688588	RemoteAgent	WARN	TLS certificate errors will be ignored for this session
[GFX1-]: RenderCompositorSWGL failed mapping default framebuffer, no dt
console.error: ({})
DevTools listening on ws://127.0.0.1:59435/devtools/browser/7e0661e0-a2bf-4cc2-9697-b7caae222d2c
console.warn: LoginRecipes: "Falling back to a synchronous message for: https://cas-p.wigorservices.net."
console.warn: LoginRecipes: "Falling back to a synchronous message for: https://cas-p.wigorservices.net."
JavaScript warning: https://ws-edt-igs.wigorservices.net/WebPsDyn.aspx?action=posEDTLMS&serverID=G&date=09%2F23%2F2023, line 560: unreachable code after return statement
1695500694068	Marionette	INFO	Stopped listening on port 59470
Dynamically enable window occlusion 1
1695500739168	geckodriver	INFO	Listening on 127.0.0.1:59583
1695500742206	mozrunner::runner	INFO	Running command: "C:\\Program Files\\Mozilla Firefox\\firefox.exe" "--marionette" "-private" "-headless" "--remote-debugging- ... 4" "--remote-allow-hosts" "localhost" "-no-remote" "-profile" "C:\\Users\\natha\\AppData\\Local\\Temp\\rust_mozprofileUfQcJC"
*** You are running in headless mode.
console.warn: services.settings: Ignoring preference override of remote settings server
console.warn: services.settings: Allow by setting MOZ_REMOTE_SETTINGS_DEVTOOLS=1 in the environment
1695500742796	Marionette	INFO	Marionette enabled
Dynamically enable window occlusion 0
1695500742888	Marionette	INFO	Listening on port 59603
WebDriver BiDi listening on ws://127.0.0.1:59584
Read port: 59603
1695500743173	RemoteAgent	WARN	TLS certificate errors will be ignored for this session
[GFX1-]: RenderCompositorSWGL failed mapping default framebuffer, no dt
console.error: ({})
DevTools listening on ws://127.0.0.1:59584/devtools/browser/c78b8ec0-627f-443c-a60a-8537d7c96b83
console.warn: LoginRecipes: "Falling back to a synchronous message for: https://cas-p.wigorservices.net."
console.warn: LoginRecipes: "Falling back to a synchronous message for: https://cas-p.wigorservices.net."
JavaScript warning: https://ws-edt-igs.wigorservices.net/WebPsDyn.aspx?action=posEDTLMS&serverID=G&date=09%2F23%2F2023, line 560: unreachable code after return statement
1695500750784	Marionette	INFO	Stopped listening on port 59603
Dynamically enable window occlusion 1
1695500824616	geckodriver	INFO	Listening on 127.0.0.1:59786
1695500827615	mozrunner::runner	INFO	Running command: "C:\\Program Files\\Mozilla Firefox\\firefox.exe" "--marionette" "-private" "-headless" "--remote-debugging- ... 7" "--remote-allow-hosts" "localhost" "-no-remote" "-profile" "C:\\Users\\natha\\AppData\\Local\\Temp\\rust_mozprofileNLStQf"
*** You are running in headless mode.
console.warn: services.settings: Ignoring preference override of remote settings server
console.warn: services.settings: Allow by setting MOZ_REMOTE_SETTINGS_DEVTOOLS=1 in the environment
1695500828261	Marionette	INFO	Marionette enabled
Dynamically enable window occlusion 0
1695500828354	Marionette	INFO	Listening on port 59812
WebDriver BiDi listening on ws://127.0.0.1:59787
Read port: 59812
1695500828581	RemoteAgent	WARN	TLS certificate errors will be ignored for this session
[GFX1-]: RenderCompositorSWGL failed mapping default framebuffer, no dt
console.error: ({})
DevTools listening on ws://127.0.0.1:59787/devtools/browser/6c275324-f5d0-4df1-831d-f9fad7000ee0
console.warn: LoginRecipes: "Falling back to a synchronous message for: https://cas-p.wigorservices.net."
console.warn: LoginRecipes: "Falling back to a synchronous message for: https://cas-p.wigorservices.net."
1695500831892	Marionette	INFO	Stopped listening on port 59812
Dynamically enable window occlusion 1
1695501091041	geckodriver	INFO	Listening on 127.0.0.1:60146
1695501094049	mozrunner::runner	INFO	Running command: "C:\\Program Files\\Mozilla Firefox\\firefox.exe" "--marionette" "-private" "-headless" "--remote-debugging- ... 7" "--remote-allow-hosts" "localhost" "-no-remote" "-profile" "C:\\Users\\natha\\AppData\\Local\\Temp\\rust_mozprofileUq520f"
*** You are running in headless mode.
console.warn: services.settings: Ignoring preference override of remote settings server
console.warn: services.settings: Allow by setting MOZ_REMOTE_SETTINGS_DEVTOOLS=1 in the environment
1695501094664	Marionette	INFO	Marionette enabled
Dynamically enable window occlusion 0
1695501094753	Marionette	INFO	Listening on port 60167
WebDriver BiDi listening on ws://127.0.0.1:60147
Read port: 60167
1695501095021	RemoteAgent	WARN	TLS certificate errors will be ignored for this session
[GFX1-]: RenderCompositorSWGL failed mapping default framebuffer, no dt
console.error: ({})
DevTools listening on ws://127.0.0.1:60147/devtools/browser/49c343a5-afba-42ba-8f03-e0a693a1d157
console.warn: LoginRecipes: "Falling back to a synchronous message for: https://cas-p.wigorservices.net."
console.warn: LoginRecipes: "Falling back to a synchronous message for: https://cas-p.wigorservices.net."
1695501098501	Marionette	INFO	Stopped listening on port 60167
Dynamically enable window occlusion 1
1695501222476	geckodriver	INFO	Listening on 127.0.0.1:60263
1695501225501	mozrunner::runner	INFO	Running command: "C:\\Program Files\\Mozilla Firefox\\firefox.exe" "--marionette" "-private" "-headless" "--remote-debugging- ... 4" "--remote-allow-hosts" "localhost" "-no-remote" "-profile" "C:\\Users\\natha\\AppData\\Local\\Temp\\rust_mozprofilesGeJZD"
*** You are running in headless mode.
console.warn: services.settings: Ignoring preference override of remote settings server
console.warn: services.settings: Allow by setting MOZ_REMOTE_SETTINGS_DEVTOOLS=1 in the environment
1695501226119	Marionette	INFO	Marionette enabled
Dynamically enable window occlusion 0
1695501226206	Marionette	INFO	Listening on port 60284
WebDriver BiDi listening on ws://127.0.0.1:60264
Read port: 60284
1695501226499	RemoteAgent	WARN	TLS certificate errors will be ignored for this session
[GFX1-]: RenderCompositorSWGL failed mapping default framebuffer, no dt
console.error: ({})
DevTools listening on ws://127.0.0.1:60264/devtools/browser/17f981eb-fa6e-4b3a-9139-a2e04698bbea
console.warn: LoginRecipes: "Falling back to a synchronous message for: https://cas-p.wigorservices.net."
console.warn: LoginRecipes: "Falling back to a synchronous message for: https://cas-p.wigorservices.net."
JavaScript warning: https://ws-edt-igs.wigorservices.net/WebPsDyn.aspx?action=posEDTLMS&serverID=G&date=09%2F23%2F2023, line 560: unreachable code after return statement
1695501232203	Marionette	INFO	Stopped listening on port 60284
Dynamically enable window occlusion 1
1695501323574	geckodriver	INFO	Listening on 127.0.0.1:60453
1695501326611	mozrunner::runner	INFO	Running command: "C:\\Program Files\\Mozilla Firefox\\firefox.exe" "--marionette" "-private" "-headless" "--remote-debugging- ... 4" "--remote-allow-hosts" "localhost" "-no-remote" "-profile" "C:\\Users\\natha\\AppData\\Local\\Temp\\rust_mozprofilekttExK"
*** You are running in headless mode.
console.warn: services.settings: Ignoring preference override of remote settings server
console.warn: services.settings: Allow by setting MOZ_REMOTE_SETTINGS_DEVTOOLS=1 in the environment
1695501327223	Marionette	INFO	Marionette enabled
Dynamically enable window occlusion 0
1695501327332	Marionette	INFO	Listening on port 60479
WebDriver BiDi listening on ws://127.0.0.1:60454
Read port: 60479
1695501327612	RemoteAgent	WARN	TLS certificate errors will be ignored for this session
[GFX1-]: RenderCompositorSWGL failed mapping default framebuffer, no dt
console.error: ({})
DevTools listening on ws://127.0.0.1:60454/devtools/browser/165dbe4f-8c60-4c0b-a3f9-3f69eb282e14
console.warn: LoginRecipes: "Falling back to a synchronous message for: https://cas-p.wigorservices.net."
console.warn: LoginRecipes: "Falling back to a synchronous message for: https://cas-p.wigorservices.net."
JavaScript warning: https://ws-edt-igs.wigorservices.net/WebPsDyn.aspx?action=posEDTLMS&serverID=G&date=04%2F05%2F2024, line 554: unreachable code after return statement
1695501331959	Marionette	INFO	Stopped listening on port 60479
Dynamically enable window occlusion 1
1695501535799	geckodriver	INFO	Listening on 127.0.0.1:60745
1695501538809	mozrunner::runner	INFO	Running command: "C:\\Program Files\\Mozilla Firefox\\firefox.exe" "--marionette" "-private" "-headless" "--remote-debugging- ... 6" "--remote-allow-hosts" "localhost" "-no-remote" "-profile" "C:\\Users\\natha\\AppData\\Local\\Temp\\rust_mozprofileWHKGIu"
*** You are running in headless mode.
console.warn: services.settings: Ignoring preference override of remote settings server
console.warn: services.settings: Allow by setting MOZ_REMOTE_SETTINGS_DEVTOOLS=1 in the environment
1695501539403	Marionette	INFO	Marionette enabled
Dynamically enable window occlusion 0
1695501539504	Marionette	INFO	Listening on port 60765
WebDriver BiDi listening on ws://127.0.0.1:60746
Read port: 60765
1695501539783	RemoteAgent	WARN	TLS certificate errors will be ignored for this session
[GFX1-]: RenderCompositorSWGL failed mapping default framebuffer, no dt
console.error: ({})
DevTools listening on ws://127.0.0.1:60746/devtools/browser/c43a2467-d2e2-4cd5-8af0-80bed80c1eaa
console.warn: LoginRecipes: "Falling back to a synchronous message for: https://cas-p.wigorservices.net."
console.warn: LoginRecipes: "Falling back to a synchronous message for: https://cas-p.wigorservices.net."
JavaScript warning: https://ws-edt-igs.wigorservices.net/WebPsDyn.aspx?action=posEDTLMS&serverID=G&date=05%2F13%2F2024, line 563: unreachable code after return statement
1695501546948	Marionette	INFO	Stopped listening on port 60765
Dynamically enable window occlusion 1
1695501629676	geckodriver	INFO	Listening on 127.0.0.1:60956
1695501632673	mozrunner::runner	INFO	Running command: "C:\\Program Files\\Mozilla Firefox\\firefox.exe" "--marionette" "-private" "-headless" "--remote-debugging- ... 7" "--remote-allow-hosts" "localhost" "-no-remote" "-profile" "C:\\Users\\natha\\AppData\\Local\\Temp\\rust_mozprofileSJ706G"
*** You are running in headless mode.
console.warn: services.settings: Ignoring preference override of remote settings server
console.warn: services.settings: Allow by setting MOZ_REMOTE_SETTINGS_DEVTOOLS=1 in the environment
1695501633222	Marionette	INFO	Marionette enabled
Dynamically enable window occlusion 0
1695501633312	Marionette	INFO	Listening on port 60977
WebDriver BiDi listening on ws://127.0.0.1:60957
Read port: 60977
1695501633580	RemoteAgent	WARN	TLS certificate errors will be ignored for this session
[GFX1-]: RenderCompositorSWGL failed mapping default framebuffer, no dt
console.error: ({})
DevTools listening on ws://127.0.0.1:60957/devtools/browser/dd150766-69bc-41c8-a2f6-b79fce7f6070
console.warn: LoginRecipes: "Falling back to a synchronous message for: https://cas-p.wigorservices.net."
console.warn: LoginRecipes: "Falling back to a synchronous message for: https://cas-p.wigorservices.net."
JavaScript warning: https://ws-edt-igs.wigorservices.net/WebPsDyn.aspx?action=posEDTLMS&serverID=G&date=09%2F23%2F2023, line 560: unreachable code after return statement
1695501638912	Marionette	INFO	Stopped listening on port 60977
Dynamically enable window occlusion 1
1695503579487	geckodriver	INFO	Listening on 127.0.0.1:62492
1695503582519	mozrunner::runner	INFO	Running command: "C:\\Program Files\\Mozilla Firefox\\firefox.exe" "--marionette" "-private" "-headless" "--remote-debugging- ... 3" "--remote-allow-hosts" "localhost" "-no-remote" "-profile" "C:\\Users\\natha\\AppData\\Local\\Temp\\rust_mozprofiledAe0ya"
*** You are running in headless mode.
console.warn: services.settings: Ignoring preference override of remote settings server
console.warn: services.settings: Allow by setting MOZ_REMOTE_SETTINGS_DEVTOOLS=1 in the environment
1695503582937	Marionette	INFO	Marionette enabled
Dynamically enable window occlusion 0
1695503583003	Marionette	INFO	Listening on port 62515
WebDriver BiDi listening on ws://127.0.0.1:62493
Read port: 62515
1695503583283	RemoteAgent	WARN	TLS certificate errors will be ignored for this session
[GFX1-]: RenderCompositorSWGL failed mapping default framebuffer, no dt
console.error: ({})
DevTools listening on ws://127.0.0.1:62493/devtools/browser/baf14251-a7ab-48b0-9fd5-61fc5fb2131c
console.warn: LoginRecipes: "Falling back to a synchronous message for: https://cas-p.wigorservices.net."
console.warn: LoginRecipes: "Falling back to a synchronous message for: https://cas-p.wigorservices.net."
JavaScript warning: https://ws-edt-igs.wigorservices.net/WebPsDyn.aspx?action=posEDTLMS&serverID=G&date=11%2F23%2F2023, line 568: unreachable code after return statement
JavaScript warning: https://ws-edt-igs.wigorservices.net/WebPsDyn.aspx?action=posEDTLMS&serverID=G&date=11/23/2023, line 568: unreachable code after return statement
1695503587058	Marionette	INFO	Stopped listening on port 62515
Dynamically enable window occlusion 1
1695504900363	geckodriver	INFO	Listening on 127.0.0.1:63069
1695504903386	mozrunner::runner	INFO	Running command: "C:\\Program Files\\Mozilla Firefox\\firefox.exe" "--marionette" "-private" "-headless" "--remote-debugging- ... 0" "--remote-allow-hosts" "localhost" "-no-remote" "-profile" "C:\\Users\\natha\\AppData\\Local\\Temp\\rust_mozprofileoYSOBn"
*** You are running in headless mode.
console.warn: services.settings: Ignoring preference override of remote settings server
console.warn: services.settings: Allow by setting MOZ_REMOTE_SETTINGS_DEVTOOLS=1 in the environment
1695504903822	Marionette	INFO	Marionette enabled
Dynamically enable window occlusion 0
1695504903881	Marionette	INFO	Listening on port 63089
WebDriver BiDi listening on ws://127.0.0.1:63070
Read port: 63089
1695504904065	RemoteAgent	WARN	TLS certificate errors will be ignored for this session
[GFX1-]: RenderCompositorSWGL failed mapping default framebuffer, no dt
console.error: ({})
DevTools listening on ws://127.0.0.1:63070/devtools/browser/ed6b35da-f0fe-424f-b0d5-13a9cde64048
console.warn: LoginRecipes: "Falling back to a synchronous message for: https://cas-p.wigorservices.net."
console.warn: LoginRecipes: "Falling back to a synchronous message for: https://cas-p.wigorservices.net."
JavaScript warning: https://ws-edt-igs.wigorservices.net/WebPsDyn.aspx?action=posEDTLMS&serverID=G&date=09%2F23%2F2023, line 560: unreachable code after return statement
1695504908162	Marionette	INFO	Stopped listening on port 63089
Dynamically enable window occlusion 1
1695505868465	geckodriver	INFO	Listening on 127.0.0.1:64310
1695505871506	mozrunner::runner	INFO	Running command: "C:\\Program Files\\Mozilla Firefox\\firefox.exe" "--marionette" "-private" "-headless" "--remote-debugging- ... 1" "--remote-allow-hosts" "localhost" "-no-remote" "-profile" "C:\\Users\\natha\\AppData\\Local\\Temp\\rust_mozprofileaJuCjA"
*** You are running in headless mode.
console.warn: services.settings: Ignoring preference override of remote settings server
console.warn: services.settings: Allow by setting MOZ_REMOTE_SETTINGS_DEVTOOLS=1 in the environment
1695505871949	Marionette	INFO	Marionette enabled
Dynamically enable window occlusion 0
1695505872026	Marionette	INFO	Listening on port 64330
WebDriver BiDi listening on ws://127.0.0.1:64311
Read port: 64330
1695505872184	RemoteAgent	WARN	TLS certificate errors will be ignored for this session
[GFX1-]: RenderCompositorSWGL failed mapping default framebuffer, no dt
console.error: ({})
DevTools listening on ws://127.0.0.1:64311/devtools/browser/16fe7415-9318-46ae-b907-46654bcaa018
console.warn: LoginRecipes: "Falling back to a synchronous message for: https://cas-p.wigorservices.net."
console.warn: LoginRecipes: "Falling back to a synchronous message for: https://cas-p.wigorservices.net."
1695505875794	Marionette	INFO	Stopped listening on port 64330
Dynamically enable window occlusion 1
1695505879434	geckodriver	INFO	Listening on 127.0.0.1:64382
1695505882468	mozrunner::runner	INFO	Running command: "C:\\Program Files\\Mozilla Firefox\\firefox.exe" "--marionette" "-private" "-headless" "--remote-debugging- ... 3" "--remote-allow-hosts" "localhost" "-no-remote" "-profile" "C:\\Users\\natha\\AppData\\Local\\Temp\\rust_mozprofilemXcrtr"
*** You are running in headless mode.
console.warn: services.settings: Ignoring preference override of remote settings server
console.warn: services.settings: Allow by setting MOZ_REMOTE_SETTINGS_DEVTOOLS=1 in the environment
1695505882849	Marionette	INFO	Marionette enabled
Dynamically enable window occlusion 0
1695505882909	Marionette	INFO	Listening on port 64399
Read port: 64399
WebDriver BiDi listening on ws://127.0.0.1:64383
1695505882970	RemoteAgent	WARN	TLS certificate errors will be ignored for this session
[GFX1-]: RenderCompositorSWGL failed mapping default framebuffer, no dt
console.error: ({})
DevTools listening on ws://127.0.0.1:64383/devtools/browser/2a938e74-7580-4158-b3be-692de96b988b
console.warn: LoginRecipes: "Falling back to a synchronous message for: https://cas-p.wigorservices.net."
console.warn: LoginRecipes: "Falling back to a synchronous message for: https://cas-p.wigorservices.net."
JavaScript warning: https://ws-edt-igs.wigorservices.net/WebPsDyn.aspx?action=posEDTLMS&serverID=G&date=09%2F23%2F2023, line 560: unreachable code after return statement
1695505888421	Marionette	INFO	Stopped listening on port 64399
Dynamically enable window occlusion 1
1695507067001	geckodriver	INFO	Listening on 127.0.0.1:65305
1695507070031	mozrunner::runner	INFO	Running command: "C:\\Program Files\\Mozilla Firefox\\firefox.exe" "--marionette" "-private" "-headless" "--remote-debugging- ... 6" "--remote-allow-hosts" "localhost" "-no-remote" "-profile" "C:\\Users\\natha\\AppData\\Local\\Temp\\rust_mozprofileUTmt6N"
*** You are running in headless mode.
console.warn: services.settings: Ignoring preference override of remote settings server
console.warn: services.settings: Allow by setting MOZ_REMOTE_SETTINGS_DEVTOOLS=1 in the environment
1695507070414	Marionette	INFO	Marionette enabled
Dynamically enable window occlusion 0
1695507070476	Marionette	INFO	Listening on port 65327
WebDriver BiDi listening on ws://127.0.0.1:65306
Read port: 65327
1695507070613	RemoteAgent	WARN	TLS certificate errors will be ignored for this session
[GFX1-]: RenderCompositorSWGL failed mapping default framebuffer, no dt
console.error: ({})
DevTools listening on ws://127.0.0.1:65306/devtools/browser/0abce710-c168-4c56-8c5a-188bab6bf741
console.warn: LoginRecipes: "Falling back to a synchronous message for: https://cas-p.wigorservices.net."
console.warn: LoginRecipes: "Falling back to a synchronous message for: https://cas-p.wigorservices.net."
JavaScript warning: https://ws-edt-igs.wigorservices.net/WebPsDyn.aspx?action=posEDTLMS&serverID=G&date=09%2F24%2F2023, line 560: unreachable code after return statement
1695507074535	Marionette	INFO	Stopped listening on port 65327
Dynamically enable window occlusion 1
1695508035671	geckodriver	INFO	Listening on 127.0.0.1:50163
1695508038692	mozrunner::runner	INFO	Running command: "C:\\Program Files\\Mozilla Firefox\\firefox.exe" "--marionette" "-private" "-headless" "--remote-debugging- ... 4" "--remote-allow-hosts" "localhost" "-no-remote" "-profile" "C:\\Users\\natha\\AppData\\Local\\Temp\\rust_mozprofileNFoOKa"
*** You are running in headless mode.
console.warn: services.settings: Ignoring preference override of remote settings server
console.warn: services.settings: Allow by setting MOZ_REMOTE_SETTINGS_DEVTOOLS=1 in the environment
1695508039320	Marionette	INFO	Marionette enabled
Dynamically enable window occlusion 0
1695508039419	Marionette	INFO	Listening on port 50188
WebDriver BiDi listening on ws://127.0.0.1:50164
Read port: 50188
1695508039690	RemoteAgent	WARN	TLS certificate errors will be ignored for this session
[GFX1-]: RenderCompositorSWGL failed mapping default framebuffer, no dt
console.error: ({})
DevTools listening on ws://127.0.0.1:50164/devtools/browser/67a324ac-7c7d-4971-af11-692ad052f2ae
console.warn: LoginRecipes: "Falling back to a synchronous message for: https://cas-p.wigorservices.net."
console.warn: LoginRecipes: "Falling back to a synchronous message for: https://cas-p.wigorservices.net."
JavaScript warning: https://ws-edt-igs.wigorservices.net/WebPsDyn.aspx?action=posEDTLMS&serverID=G&date=09%2F24%2F2023, line 560: unreachable code after return statement
1695508045569	Marionette	INFO	Stopped listening on port 50188
1695509085279	geckodriver	INFO	Listening on 127.0.0.1:51197
1695509088297	mozrunner::runner	INFO	Running command: "C:\\Program Files\\Mozilla Firefox\\firefox.exe" "--marionette" "-private" "-headless" "--remote-debugging- ... 8" "--remote-allow-hosts" "localhost" "-no-remote" "-profile" "C:\\Users\\natha\\AppData\\Local\\Temp\\rust_mozprofileOLMhpy"
*** You are running in headless mode.
console.warn: services.settings: Ignoring preference override of remote settings server
console.warn: services.settings: Allow by setting MOZ_REMOTE_SETTINGS_DEVTOOLS=1 in the environment
1695509089342	Marionette	INFO	Marionette enabled
Dynamically enable window occlusion 0
1695509089475	Marionette	INFO	Listening on port 51258
WebDriver BiDi listening on ws://127.0.0.1:51198
Read port: 51258
1695509089774	RemoteAgent	WARN	TLS certificate errors will be ignored for this session
[GFX1-]: RenderCompositorSWGL failed mapping default framebuffer, no dt
console.error: ({})
DevTools listening on ws://127.0.0.1:51198/devtools/browser/193901e1-cab2-45b5-843d-da61bd47bd53
console.warn: LoginRecipes: "Falling back to a synchronous message for: https://cas-p.wigorservices.net."
console.warn: LoginRecipes: "Falling back to a synchronous message for: https://cas-p.wigorservices.net."
JavaScript warning: https://ws-edt-igs.wigorservices.net/WebPsDyn.aspx?action=posEDTLMS&serverID=G&date=09%2F24%2F2023, line 560: unreachable code after return statement
1695509095007	Marionette	INFO	Stopped listening on port 51258
Dynamically enable window occlusion 1
1695509135265	geckodriver	INFO	Listening on 127.0.0.1:51370
1695509138289	mozrunner::runner	INFO	Running command: "C:\\Program Files\\Mozilla Firefox\\firefox.exe" "--marionette" "-private" "-headless" "--remote-debugging- ... 1" "--remote-allow-hosts" "localhost" "-no-remote" "-profile" "C:\\Users\\natha\\AppData\\Local\\Temp\\rust_mozprofileKsNUPR"
*** You are running in headless mode.
console.warn: services.settings: Ignoring preference override of remote settings server
console.warn: services.settings: Allow by setting MOZ_REMOTE_SETTINGS_DEVTOOLS=1 in the environment
1695509138910	Marionette	INFO	Marionette enabled
Dynamically enable window occlusion 0
1695509139021	Marionette	INFO	Listening on port 51399
WebDriver BiDi listening on ws://127.0.0.1:51371
Read port: 51399
1695509139336	RemoteAgent	WARN	TLS certificate errors will be ignored for this session
[GFX1-]: RenderCompositorSWGL failed mapping default framebuffer, no dt
console.error: ({})
DevTools listening on ws://127.0.0.1:51371/devtools/browser/c9cac099-ee0f-45d8-871a-aa25cab0a9ea
console.warn: LoginRecipes: "Falling back to a synchronous message for: https://cas-p.wigorservices.net."
console.warn: LoginRecipes: "Falling back to a synchronous message for: https://cas-p.wigorservices.net."
JavaScript warning: https://ws-edt-igs.wigorservices.net/WebPsDyn.aspx?action=posEDTLMS&serverID=G&date=09%2F24%2F2023, line 560: unreachable code after return statement
1695509144133	Marionette	INFO	Stopped listening on port 51399
Dynamically enable window occlusion 1
1695509512669	geckodriver	INFO	Listening on 127.0.0.1:51799
1695509515683	mozrunner::runner	INFO	Running command: "C:\\Program Files\\Mozilla Firefox\\firefox.exe" "--marionette" "-private" "-headless" "--remote-debugging- ... 0" "--remote-allow-hosts" "localhost" "-no-remote" "-profile" "C:\\Users\\natha\\AppData\\Local\\Temp\\rust_mozprofileL8xW1V"
*** You are running in headless mode.
console.warn: services.settings: Ignoring preference override of remote settings server
console.warn: services.settings: Allow by setting MOZ_REMOTE_SETTINGS_DEVTOOLS=1 in the environment
1695509516236	Marionette	INFO	Marionette enabled
Dynamically enable window occlusion 0
1695509516324	Marionette	INFO	Listening on port 51817
WebDriver BiDi listening on ws://127.0.0.1:51800
Read port: 51817
1695509516530	RemoteAgent	WARN	TLS certificate errors will be ignored for this session
[GFX1-]: RenderCompositorSWGL failed mapping default framebuffer, no dt
console.error: ({})
DevTools listening on ws://127.0.0.1:51800/devtools/browser/af9d5694-1013-4497-a456-b80d181755a1
console.warn: LoginRecipes: "Falling back to a synchronous message for: https://cas-p.wigorservices.net."
console.warn: LoginRecipes: "Falling back to a synchronous message for: https://cas-p.wigorservices.net."
JavaScript warning: https://ws-edt-igs.wigorservices.net/WebPsDyn.aspx?action=posEDTLMS&serverID=G&date=09%2F24%2F2023, line 560: unreachable code after return statement
1695509522425	Marionette	INFO	Stopped listening on port 51817
Dynamically enable window occlusion 1
JavaScript warning: https://ws-edt-igs.wigorservices.net/WebPsDyn.aspx?action=posEDTLMS&serverID=G&date=09/24/2023, line 560: unreachable code after return statement
1695509546937	geckodriver	INFO	Listening on 127.0.0.1:51885
1695509549950	mozrunner::runner	INFO	Running command: "C:\\Program Files\\Mozilla Firefox\\firefox.exe" "--marionette" "-private" "-headless" "--remote-debugging- ... 6" "--remote-allow-hosts" "localhost" "-no-remote" "-profile" "C:\\Users\\natha\\AppData\\Local\\Temp\\rust_mozprofilefFbbcq"
*** You are running in headless mode.
console.warn: services.settings: Ignoring preference override of remote settings server
console.warn: services.settings: Allow by setting MOZ_REMOTE_SETTINGS_DEVTOOLS=1 in the environment
1695509550497	Marionette	INFO	Marionette enabled
Dynamically enable window occlusion 0
1695509550584	Marionette	INFO	Listening on port 51904
WebDriver BiDi listening on ws://127.0.0.1:51886
Read port: 51904
1695509550827	RemoteAgent	WARN	TLS certificate errors will be ignored for this session
[GFX1-]: RenderCompositorSWGL failed mapping default framebuffer, no dt
console.error: ({})
DevTools listening on ws://127.0.0.1:51886/devtools/browser/0dfce428-263d-46cd-9764-342594f9dc7e
console.warn: LoginRecipes: "Falling back to a synchronous message for: https://cas-p.wigorservices.net."
console.warn: LoginRecipes: "Falling back to a synchronous message for: https://cas-p.wigorservices.net."
JavaScript warning: https://ws-edt-igs.wigorservices.net/WebPsDyn.aspx?action=posEDTLMS&serverID=G&date=09%2F26%2F2023, line 552: unreachable code after return statement
1695509555876	Marionette	INFO	Stopped listening on port 51904
Dynamically enable window occlusion 1
1695510637454	geckodriver	INFO	Listening on 127.0.0.1:52645
1695510640437	mozrunner::runner	INFO	Running command: "C:\\Program Files\\Mozilla Firefox\\firefox.exe" "--marionette" "-private" "-headless" "--remote-debugging- ... 6" "--remote-allow-hosts" "localhost" "-no-remote" "-profile" "C:\\Users\\natha\\AppData\\Local\\Temp\\rust_mozprofilef2mwTI"
*** You are running in headless mode.
console.warn: services.settings: Ignoring preference override of remote settings server
console.warn: services.settings: Allow by setting MOZ_REMOTE_SETTINGS_DEVTOOLS=1 in the environment
1695510641038	Marionette	INFO	Marionette enabled
Dynamically enable window occlusion 0
1695510641134	Marionette	INFO	Listening on port 52665
WebDriver BiDi listening on ws://127.0.0.1:52646
Read port: 52665
1695510641414	RemoteAgent	WARN	TLS certificate errors will be ignored for this session
[GFX1-]: RenderCompositorSWGL failed mapping default framebuffer, no dt
console.error: ({})
DevTools listening on ws://127.0.0.1:52646/devtools/browser/257e2445-a111-4ff9-8142-20fb64c3478c
console.warn: LoginRecipes: "Falling back to a synchronous message for: https://cas-p.wigorservices.net."
console.warn: LoginRecipes: "Falling back to a synchronous message for: https://cas-p.wigorservices.net."
JavaScript warning: https://ws-edt-igs.wigorservices.net/WebPsDyn.aspx?action=posEDTLMS&serverID=G&date=09%2F24%2F2023, line 560: unreachable code after return statement
1695510647194	Marionette	INFO	Stopped listening on port 52665
Dynamically enable window occlusion 1
1695510801982	geckodriver	INFO	Listening on 127.0.0.1:52847
1695510804964	mozrunner::runner	INFO	Running command: "C:\\Program Files\\Mozilla Firefox\\firefox.exe" "--marionette" "-private" "-headless" "--remote-debugging- ... 8" "--remote-allow-hosts" "localhost" "-no-remote" "-profile" "C:\\Users\\natha\\AppData\\Local\\Temp\\rust_mozprofilep9rAgc"
*** You are running in headless mode.
console.warn: services.settings: Ignoring preference override of remote settings server
console.warn: services.settings: Allow by setting MOZ_REMOTE_SETTINGS_DEVTOOLS=1 in the environment
1695510805486	Marionette	INFO	Marionette enabled
Dynamically enable window occlusion 0
1695510805586	Marionette	INFO	Listening on port 52866
WebDriver BiDi listening on ws://127.0.0.1:52848
Read port: 52866
1695510806002	RemoteAgent	WARN	TLS certificate errors will be ignored for this session
[GFX1-]: RenderCompositorSWGL failed mapping default framebuffer, no dt
console.error: ({})
DevTools listening on ws://127.0.0.1:52848/devtools/browser/39169156-635a-4ac2-93a2-4ccb198fdc83
console.warn: LoginRecipes: "Falling back to a synchronous message for: https://cas-p.wigorservices.net."
console.warn: LoginRecipes: "Falling back to a synchronous message for: https://cas-p.wigorservices.net."
JavaScript warning: https://ws-edt-igs.wigorservices.net/WebPsDyn.aspx?action=posEDTLMS&serverID=G&date=09%2F24%2F2023, line 560: unreachable code after return statement
1695510812321	Marionette	INFO	Stopped listening on port 52866
Dynamically enable window occlusion 1
1695511149957	geckodriver	INFO	Listening on 127.0.0.1:53120
1695511152944	mozrunner::runner	INFO	Running command: "C:\\Program Files\\Mozilla Firefox\\firefox.exe" "--marionette" "-private" "-headless" "--remote-debugging- ... 1" "--remote-allow-hosts" "localhost" "-no-remote" "-profile" "C:\\Users\\natha\\AppData\\Local\\Temp\\rust_mozprofiletZUfLO"
*** You are running in headless mode.
console.warn: services.settings: Ignoring preference override of remote settings server
console.warn: services.settings: Allow by setting MOZ_REMOTE_SETTINGS_DEVTOOLS=1 in the environment
1695511153452	Marionette	INFO	Marionette enabled
Dynamically enable window occlusion 0
1695511153533	Marionette	INFO	Listening on port 53141
WebDriver BiDi listening on ws://127.0.0.1:53121
Read port: 53141
1695511153805	RemoteAgent	WARN	TLS certificate errors will be ignored for this session
[GFX1-]: RenderCompositorSWGL failed mapping default framebuffer, no dt
console.error: ({})
DevTools listening on ws://127.0.0.1:53121/devtools/browser/e37dba3a-1915-4779-b3e1-2ecdd0aef7ee
console.warn: LoginRecipes: "Falling back to a synchronous message for: https://cas-p.wigorservices.net."
console.warn: LoginRecipes: "Falling back to a synchronous message for: https://cas-p.wigorservices.net."
JavaScript warning: https://ws-edt-igs.wigorservices.net/WebPsDyn.aspx?action=posEDTLMS&serverID=G&date=09%2F24%2F2023, line 560: unreachable code after return statement
1695511158961	Marionette	INFO	Stopped listening on port 53141
Dynamically enable window occlusion 1
1695511246982	geckodriver	INFO	Listening on 127.0.0.1:53337
1695511249991	mozrunner::runner	INFO	Running command: "C:\\Program Files\\Mozilla Firefox\\firefox.exe" "--marionette" "-private" "-headless" "--remote-debugging- ... 8" "--remote-allow-hosts" "localhost" "-no-remote" "-profile" "C:\\Users\\natha\\AppData\\Local\\Temp\\rust_mozprofile06eZGx"
*** You are running in headless mode.
console.warn: services.settings: Ignoring preference override of remote settings server
console.warn: services.settings: Allow by setting MOZ_REMOTE_SETTINGS_DEVTOOLS=1 in the environment
1695511250525	Marionette	INFO	Marionette enabled
Dynamically enable window occlusion 0
1695511250610	Marionette	INFO	Listening on port 53356
WebDriver BiDi listening on ws://127.0.0.1:53338
Read port: 53356
1695511250864	RemoteAgent	WARN	TLS certificate errors will be ignored for this session
[GFX1-]: RenderCompositorSWGL failed mapping default framebuffer, no dt
console.error: ({})
DevTools listening on ws://127.0.0.1:53338/devtools/browser/b2652576-8277-44c7-a480-3b8ffca402b5
console.warn: LoginRecipes: "Falling back to a synchronous message for: https://cas-p.wigorservices.net."
console.warn: LoginRecipes: "Falling back to a synchronous message for: https://cas-p.wigorservices.net."
JavaScript warning: https://ws-edt-igs.wigorservices.net/WebPsDyn.aspx?action=posEDTLMS&serverID=G&date=09%2F24%2F2023, line 560: unreachable code after return statement
1695511255990	Marionette	INFO	Stopped listening on port 53356
Dynamically enable window occlusion 1
1695511386117	geckodriver	INFO	Listening on 127.0.0.1:53567
1695511389122	mozrunner::runner	INFO	Running command: "C:\\Program Files\\Mozilla Firefox\\firefox.exe" "--marionette" "-private" "-headless" "--remote-debugging- ... 8" "--remote-allow-hosts" "localhost" "-no-remote" "-profile" "C:\\Users\\natha\\AppData\\Local\\Temp\\rust_mozprofilemybe2y"
*** You are running in headless mode.
console.warn: services.settings: Ignoring preference override of remote settings server
console.warn: services.settings: Allow by setting MOZ_REMOTE_SETTINGS_DEVTOOLS=1 in the environment
1695511389735	Marionette	INFO	Marionette enabled
Dynamically enable window occlusion 0
1695511389824	Marionette	INFO	Listening on port 53585
WebDriver BiDi listening on ws://127.0.0.1:53568
Read port: 53585
1695511390074	RemoteAgent	WARN	TLS certificate errors will be ignored for this session
[GFX1-]: RenderCompositorSWGL failed mapping default framebuffer, no dt
console.error: ({})
DevTools listening on ws://127.0.0.1:53568/devtools/browser/f3c5d642-0f8f-47b0-bac4-75de527b0abe
console.warn: LoginRecipes: "Falling back to a synchronous message for: https://cas-p.wigorservices.net."
console.warn: LoginRecipes: "Falling back to a synchronous message for: https://cas-p.wigorservices.net."
JavaScript warning: https://ws-edt-igs.wigorservices.net/WebPsDyn.aspx?action=posEDTLMS&serverID=G&date=09%2F24%2F2023, line 560: unreachable code after return statement
1695511395259	Marionette	INFO	Stopped listening on port 53585
Dynamically enable window occlusion 1
1695511738546	geckodriver	INFO	Listening on 127.0.0.1:53909
1695511741569	mozrunner::runner	INFO	Running command: "C:\\Program Files\\Mozilla Firefox\\firefox.exe" "--marionette" "-private" "-headless" "--remote-debugging- ... 0" "--remote-allow-hosts" "localhost" "-no-remote" "-profile" "C:\\Users\\natha\\AppData\\Local\\Temp\\rust_mozprofilemtN8iN"
*** You are running in headless mode.
console.warn: services.settings: Ignoring preference override of remote settings server
console.warn: services.settings: Allow by setting MOZ_REMOTE_SETTINGS_DEVTOOLS=1 in the environment
1695511742202	Marionette	INFO	Marionette enabled
Dynamically enable window occlusion 0
1695511742300	Marionette	INFO	Listening on port 53933
WebDriver BiDi listening on ws://127.0.0.1:53910
Read port: 53933
1695511742550	RemoteAgent	WARN	TLS certificate errors will be ignored for this session
[GFX1-]: RenderCompositorSWGL failed mapping default framebuffer, no dt
console.error: ({})
DevTools listening on ws://127.0.0.1:53910/devtools/browser/dc5b941d-6119-43cd-98ee-ab5ba3acb1b3
console.warn: LoginRecipes: "Falling back to a synchronous message for: https://cas-p.wigorservices.net."
console.warn: LoginRecipes: "Falling back to a synchronous message for: https://cas-p.wigorservices.net."
JavaScript warning: https://ws-edt-igs.wigorservices.net/WebPsDyn.aspx?action=posEDTLMS&serverID=G&date=09%2F24%2F2023, line 560: unreachable code after return statement
1695511747719	Marionette	INFO	Stopped listening on port 53933
Dynamically enable window occlusion 1
1695512026667	geckodriver	INFO	Listening on 127.0.0.1:54276
1695512029661	mozrunner::runner	INFO	Running command: "C:\\Program Files\\Mozilla Firefox\\firefox.exe" "--marionette" "-private" "-headless" "--remote-debugging- ... 7" "--remote-allow-hosts" "localhost" "-no-remote" "-profile" "C:\\Users\\natha\\AppData\\Local\\Temp\\rust_mozprofileraRmIw"
*** You are running in headless mode.
console.warn: services.settings: Ignoring preference override of remote settings server
console.warn: services.settings: Allow by setting MOZ_REMOTE_SETTINGS_DEVTOOLS=1 in the environment
1695512030209	Marionette	INFO	Marionette enabled
Dynamically enable window occlusion 0
1695512030302	Marionette	INFO	Listening on port 54300
WebDriver BiDi listening on ws://127.0.0.1:54277
Read port: 54300
1695512030531	RemoteAgent	WARN	TLS certificate errors will be ignored for this session
[GFX1-]: RenderCompositorSWGL failed mapping default framebuffer, no dt
console.error: ({})
DevTools listening on ws://127.0.0.1:54277/devtools/browser/0a8dfdbe-6054-4bd3-b6a8-00db570ddd3f
console.warn: LoginRecipes: "Falling back to a synchronous message for: https://cas-p.wigorservices.net."
console.warn: LoginRecipes: "Falling back to a synchronous message for: https://cas-p.wigorservices.net."
JavaScript warning: https://ws-edt-igs.wigorservices.net/WebPsDyn.aspx?action=posEDTLMS&serverID=G&date=09%2F24%2F2023, line 560: unreachable code after return statement
1695512036090	Marionette	INFO	Stopped listening on port 54300
Dynamically enable window occlusion 1
1695512601370	geckodriver	INFO	Listening on 127.0.0.1:54774
1695512604356	mozrunner::runner	INFO	Running command: "C:\\Program Files\\Mozilla Firefox\\firefox.exe" "--marionette" "-private" "-headless" "--remote-debugging- ... 5" "--remote-allow-hosts" "localhost" "-no-remote" "-profile" "C:\\Users\\natha\\AppData\\Local\\Temp\\rust_mozprofilebaDvMS"
*** You are running in headless mode.
console.warn: services.settings: Ignoring preference override of remote settings server
console.warn: services.settings: Allow by setting MOZ_REMOTE_SETTINGS_DEVTOOLS=1 in the environment
1695512605024	Marionette	INFO	Marionette enabled
Dynamically enable window occlusion 0
1695512605117	Marionette	INFO	Listening on port 54869
WebDriver BiDi listening on ws://127.0.0.1:54775
Read port: 54869
1695512605309	RemoteAgent	WARN	TLS certificate errors will be ignored for this session
[GFX1-]: RenderCompositorSWGL failed mapping default framebuffer, no dt
console.error: ({})
DevTools listening on ws://127.0.0.1:54775/devtools/browser/0f91b0d8-3d74-462d-8a92-069536177e9a
console.warn: LoginRecipes: "Falling back to a synchronous message for: https://cas-p.wigorservices.net."
console.warn: LoginRecipes: "Falling back to a synchronous message for: https://cas-p.wigorservices.net."
JavaScript warning: https://ws-edt-igs.wigorservices.net/WebPsDyn.aspx?action=posEDTLMS&serverID=G&date=09%2F24%2F2023, line 560: unreachable code after return statement
1695512610734	Marionette	INFO	Stopped listening on port 54869
Dynamically enable window occlusion 1
